This is pdfTeX, Version 3.14159265-2.6-1.40.21 (TeX Live 2020) (preloaded format=pdflatex 2020.4.7)  14 NOV 2023 20:21
entering extended mode
 restricted \write18 enabled.
 file:line:error style messages enabled.
 %&-line parsing enabled.
**/Users/jieyugao/Library/CloudStorage/Dropbox/jieyu-website/src/assets/GaoJeliazkov2023.tex
(/Users/jieyugao/Library/CloudStorage/Dropbox/jieyu-website/src/assets/GaoJeliazkov2023.tex
LaTeX2e <2020-02-02> patch level 5
L3 programming layer <2020-03-06> (/usr/local/texlive/2020/texmf-dist/tex/latex/base/article.cls
Document Class: article 2019/12/20 v1.4l Standard LaTeX document class
(/usr/local/texlive/2020/texmf-dist/tex/latex/base/size11.clo
File: size11.clo 2019/12/20 v1.4l Standard LaTeX file (size option)
)
\c@part=\count167
\c@section=\count168
\c@subsection=\count169
\c@subsubsection=\count170
\c@paragraph=\count171
\c@subparagraph=\count172
\c@figure=\count173
\c@table=\count174
\abovecaptionskip=\skip47
\belowcaptionskip=\skip48
\bibindent=\dimen134
) (/usr/local/texlive/2020/texmf-dist/tex/latex/amsfonts/amssymb.sty
Package: amssymb 2013/01/14 v3.01 AMS font symbols
 (/usr/local/texlive/2020/texmf-dist/tex/latex/amsfonts/amsfonts.sty
Package: amsfonts 2013/01/14 v3.01 Basic AMSFonts support
\@emptytoks=\toks15
\symAMSa=\mathgroup4
\symAMSb=\mathgroup5
LaTeX Font Info:    Redeclaring math symbol \hbar on input line 98.
LaTeX Font Info:    Overwriting math alphabet `\mathfrak' in version `bold'
(Font)                  U/euf/m/n --> U/euf/b/n on input line 106.
)) (/usr/local/texlive/2020/texmf-dist/tex/latex/amsmath/amsmath.sty
Package: amsmath 2020/01/20 v2.17e AMS math features
\@mathmargin=\skip49

For additional information on amsmath, use the `?' option.
(/usr/local/texlive/2020/texmf-dist/tex/latex/amsmath/amstext.sty
Package: amstext 2000/06/29 v2.01 AMS text
 (/usr/local/texlive/2020/texmf-dist/tex/latex/amsmath/amsgen.sty
File: amsgen.sty 1999/11/30 v2.0 generic functions
\@emptytoks=\toks16
\ex@=\dimen135
)) (/usr/local/texlive/2020/texmf-dist/tex/latex/amsmath/amsbsy.sty
Package: amsbsy 1999/11/29 v1.2d Bold Symbols
\pmbraise@=\dimen136
) (/usr/local/texlive/2020/texmf-dist/tex/latex/amsmath/amsopn.sty
Package: amsopn 2016/03/08 v2.02 operator names
)
\inf@bad=\count175
LaTeX Info: Redefining \frac on input line 227.
\uproot@=\count176
\leftroot@=\count177
LaTeX Info: Redefining \overline on input line 389.
\classnum@=\count178
\DOTSCASE@=\count179
LaTeX Info: Redefining \ldots on input line 486.
LaTeX Info: Redefining \dots on input line 489.
LaTeX Info: Redefining \cdots on input line 610.
\Mathstrutbox@=\box45
\strutbox@=\box46
\big@size=\dimen137
LaTeX Font Info:    Redeclaring font encoding OML on input line 733.
LaTeX Font Info:    Redeclaring font encoding OMS on input line 734.
\macc@depth=\count180
\c@MaxMatrixCols=\count181
\dotsspace@=\muskip16
\c@parentequation=\count182
\dspbrk@lvl=\count183
\tag@help=\toks17
\row@=\count184
\column@=\count185
\maxfields@=\count186
\andhelp@=\toks18
\eqnshift@=\dimen138
\alignsep@=\dimen139
\tagshift@=\dimen140
\tagwidth@=\dimen141
\totwidth@=\dimen142
\lineht@=\dimen143
\@envbody=\toks19
\multlinegap=\skip50
\multlinetaggap=\skip51
\mathdisplay@stack=\toks20
LaTeX Info: Redefining \[ on input line 2859.
LaTeX Info: Redefining \] on input line 2860.
) (/usr/local/texlive/2020/texmf-dist/tex/latex/graphics/graphicx.sty
Package: graphicx 2019/11/30 v1.2a Enhanced LaTeX Graphics (DPC,SPQR)
 (/usr/local/texlive/2020/texmf-dist/tex/latex/graphics/keyval.sty
Package: keyval 2014/10/28 v1.15 key=value parser (DPC)
\KV@toks@=\toks21
) (/usr/local/texlive/2020/texmf-dist/tex/latex/graphics/graphics.sty
Package: graphics 2019/11/30 v1.4a Standard LaTeX Graphics (DPC,SPQR)
 (/usr/local/texlive/2020/texmf-dist/tex/latex/graphics/trig.sty
Package: trig 2016/01/03 v1.10 sin cos tan (DPC)
) (/usr/local/texlive/2020/texmf-dist/tex/latex/graphics-cfg/graphics.cfg
File: graphics.cfg 2016/06/04 v1.11 sample graphics configuration
)
Package graphics Info: Driver file: pdftex.def on input line 105.
 (/usr/local/texlive/2020/texmf-dist/tex/latex/graphics-def/pdftex.def
File: pdftex.def 2018/01/08 v1.0l Graphics/color driver for pdftex
))
\Gin@req@height=\dimen144
\Gin@req@width=\dimen145
) (/usr/local/texlive/2020/texmf-dist/tex/latex/graphics/epsfig.sty
Package: epsfig 2017/06/25 v1.7b (e)psfig emulation (SPQR)
\epsfxsize=\dimen146
\epsfysize=\dimen147
) (/usr/local/texlive/2020/texmf-dist/tex/latex/setspace/setspace.sty
Package: setspace 2011/12/19 v6.7a set line spacing
) (/usr/local/texlive/2020/texmf-dist/tex/latex/tools/verbatim.sty
Package: verbatim 2019/11/10 v1.5r LaTeX2e package for verbatim enhancements
\every@verbatim=\toks22
\verbatim@line=\toks23
\verbatim@in@stream=\read2
) (/usr/local/texlive/2020/texmf-dist/tex/latex/natbib/natbib.sty
Package: natbib 2010/09/13 8.31b (PWD, AO)
\bibhang=\skip52
\bibsep=\skip53
LaTeX Info: Redefining \cite on input line 694.
\c@NAT@ctr=\count187
) (/usr/local/texlive/2020/texmf-dist/tex/latex/graphics/rotating.sty
Package: rotating 2016/08/11 v2.16d rotated objects in LaTeX
 (/usr/local/texlive/2020/texmf-dist/tex/latex/base/ifthen.sty
Package: ifthen 2014/09/29 v1.1c Standard LaTeX ifthen package (DPC)
)
\c@r@tfl@t=\count188
\rotFPtop=\skip54
\rotFPbot=\skip55
\rot@float@box=\box47
\rot@mess@toks=\toks24
) (/usr/local/texlive/2020/texmf-dist/tex/latex/tools/longtable.sty
Package: longtable 2020/01/07 v4.13 Multi-page Table package (DPC)
\LTleft=\skip56
\LTright=\skip57
\LTpre=\skip58
\LTpost=\skip59
\LTchunksize=\count189
\LTcapwidth=\dimen148
\LT@head=\box48
\LT@firsthead=\box49
\LT@foot=\box50
\LT@lastfoot=\box51
\LT@cols=\count190
\LT@rows=\count191
\c@LT@tables=\count192
\c@LT@chunks=\count193
\LT@p@ftn=\toks25
) (/usr/local/texlive/2020/texmf-dist/tex/latex/booktabs/booktabs.sty
Package: booktabs 2020/01/12 v1.61803398 Publication quality tables
\heavyrulewidth=\dimen149
\lightrulewidth=\dimen150
\cmidrulewidth=\dimen151
\belowrulesep=\dimen152
\belowbottomsep=\dimen153
\aboverulesep=\dimen154
\abovetopsep=\dimen155
\cmidrulesep=\dimen156
\cmidrulekern=\dimen157
\defaultaddspace=\dimen158
\@cmidla=\count194
\@cmidlb=\count195
\@aboverulesep=\dimen159
\@belowrulesep=\dimen160
\@thisruleclass=\count196
\@lastruleclass=\count197
\@thisrulewidth=\dimen161
) (/usr/local/texlive/2020/texmf-dist/tex/latex/colortbl/colortbl.sty
Package: colortbl 2020/01/04 v1.0e Color table columns (DPC)
 (/usr/local/texlive/2020/texmf-dist/tex/latex/tools/array.sty
Package: array 2019/08/31 v2.4l Tabular extension package (FMi)
\col@sep=\dimen162
\ar@mcellbox=\box52
\extrarowheight=\dimen163
\NC@list=\toks26
\extratabsurround=\skip60
\backup@length=\skip61
\ar@cellbox=\box53
) (/usr/local/texlive/2020/texmf-dist/tex/latex/graphics/color.sty
Package: color 2019/11/23 v1.2a Standard LaTeX Color (DPC)
 (/usr/local/texlive/2020/texmf-dist/tex/latex/graphics-cfg/color.cfg
File: color.cfg 2016/01/02 v1.6 sample color configuration
)
Package color Info: Driver file: pdftex.def on input line 147.
)
\everycr=\toks27
\minrowclearance=\skip62
) (/usr/local/texlive/2020/texmf-dist/tex/latex/mdwtools/mdwlist.sty
Package: mdwlist 1996/05/02 1.1 Various list-related things
) (/usr/local/texlive/2020/texmf-dist/tex/latex/enumitem/enumitem.sty
Package: enumitem 2019/06/20 v3.9 Customized lists
\labelindent=\skip63
\enit@outerparindent=\dimen164
\enit@toks=\toks28
\enit@inbox=\box54
\enit@count@id=\count198
\enitdp@description=\count199
) (/usr/local/texlive/2020/texmf-dist/tex/latex/graphics/lscape.sty
Package: lscape 2000/10/22 v3.01 Landscape Pages (DPC)
) (/usr/local/texlive/2020/texmf-dist/tex/latex/tools/afterpage.sty
Package: afterpage 2014/10/28 v1.08 After-Page Package (DPC)
\AP@output=\toks29
\AP@partial=\box55
\AP@footins=\box56
) (/usr/local/texlive/2020/texmf-dist/tex/latex/appendix/appendix.sty
Package: appendix 2020/02/08 v1.2c extra appendix facilities
\c@@pps=\count266
\c@@ppsavesec=\count267
\c@@ppsaveapp=\count268
) (/usr/local/texlive/2020/texmf-dist/tex/latex/url/url.sty
\Urlmuskip=\muskip17
Package: url 2013/09/16  ver 3.4  Verb mode for urls, etc.
) (/usr/local/texlive/2020/texmf-dist/tex/latex/hyperref/hyperref.sty
Package: hyperref 2020/01/14 v7.00d Hypertext links for LaTeX
 (/usr/local/texlive/2020/texmf-dist/tex/generic/ltxcmds/ltxcmds.sty
Package: ltxcmds 2019/12/15 v1.24 LaTeX kernel commands for general use (HO)
) (/usr/local/texlive/2020/texmf-dist/tex/generic/iftex/iftex.sty
Package: iftex 2020/03/06 v1.0d TeX engine tests
) (/usr/local/texlive/2020/texmf-dist/tex/latex/pdftexcmds/pdftexcmds.sty
Package: pdftexcmds 2019/11/24 v0.31 Utility functions of pdfTeX for LuaTeX (HO)
 (/usr/local/texlive/2020/texmf-dist/tex/generic/infwarerr/infwarerr.sty
Package: infwarerr 2019/12/03 v1.5 Providing info/warning/error messages (HO)
)
Package pdftexcmds Info: \pdf@primitive is available.
Package pdftexcmds Info: \pdf@ifprimitive is available.
Package pdftexcmds Info: \pdfdraftmode found.
) (/usr/local/texlive/2020/texmf-dist/tex/generic/kvsetkeys/kvsetkeys.sty
Package: kvsetkeys 2019/12/15 v1.18 Key value parser (HO)
) (/usr/local/texlive/2020/texmf-dist/tex/generic/kvdefinekeys/kvdefinekeys.sty
Package: kvdefinekeys 2019-12-19 v1.6 Define keys (HO)
) (/usr/local/texlive/2020/texmf-dist/tex/generic/pdfescape/pdfescape.sty
Package: pdfescape 2019/12/09 v1.15 Implements pdfTeX's escape features (HO)
) (/usr/local/texlive/2020/texmf-dist/tex/latex/hycolor/hycolor.sty
Package: hycolor 2020-01-27 v1.10 Color options for hyperref/bookmark (HO)
) (/usr/local/texlive/2020/texmf-dist/tex/latex/letltxmacro/letltxmacro.sty
Package: letltxmacro 2019/12/03 v1.6 Let assignment for LaTeX macros (HO)
) (/usr/local/texlive/2020/texmf-dist/tex/latex/auxhook/auxhook.sty
Package: auxhook 2019-12-17 v1.6 Hooks for auxiliary files (HO)
) (/usr/local/texlive/2020/texmf-dist/tex/latex/kvoptions/kvoptions.sty
Package: kvoptions 2019/11/29 v3.13 Key value format for package options (HO)
)
\@linkdim=\dimen165
\Hy@linkcounter=\count269
\Hy@pagecounter=\count270
 (/usr/local/texlive/2020/texmf-dist/tex/latex/hyperref/pd1enc.def
File: pd1enc.def 2020/01/14 v7.00d Hyperref: PDFDocEncoding definition (HO)
Now handling font encoding PD1 ...
... no UTF-8 mapping file for font encoding PD1
) (/usr/local/texlive/2020/texmf-dist/tex/generic/intcalc/intcalc.sty
Package: intcalc 2019/12/15 v1.3 Expandable calculations with integers (HO)
) (/usr/local/texlive/2020/texmf-dist/tex/generic/etexcmds/etexcmds.sty
Package: etexcmds 2019/12/15 v1.7 Avoid name clashes with e-TeX commands (HO)
)
\Hy@SavedSpaceFactor=\count271
Package hyperref Info: Hyper figures OFF on input line 4547.
Package hyperref Info: Link nesting OFF on input line 4552.
Package hyperref Info: Hyper index ON on input line 4555.
Package hyperref Info: Plain pages OFF on input line 4562.
Package hyperref Info: Backreferencing OFF on input line 4567.
Package hyperref Info: Implicit mode ON; LaTeX internals redefined.
Package hyperref Info: Bookmarks ON on input line 4800.
\c@Hy@tempcnt=\count272
LaTeX Info: Redefining \url on input line 5159.
\XeTeXLinkMargin=\dimen166
 (/usr/local/texlive/2020/texmf-dist/tex/generic/bitset/bitset.sty
Package: bitset 2019/12/09 v1.3 Handle bit-vector datatype (HO)
 (/usr/local/texlive/2020/texmf-dist/tex/generic/bigintcalc/bigintcalc.sty
Package: bigintcalc 2019/12/15 v1.5 Expandable calculations on big integers (HO)
))
\Fld@menulength=\count273
\Field@Width=\dimen167
\Fld@charsize=\dimen168
Package hyperref Info: Hyper figures OFF on input line 6430.
Package hyperref Info: Link nesting OFF on input line 6435.
Package hyperref Info: Hyper index ON on input line 6438.
Package hyperref Info: backreferencing OFF on input line 6445.
Package hyperref Info: Link coloring OFF on input line 6450.
Package hyperref Info: Link coloring with OCG OFF on input line 6455.
Package hyperref Info: PDF/A mode OFF on input line 6460.
LaTeX Info: Redefining \ref on input line 6500.
LaTeX Info: Redefining \pageref on input line 6504.
 (/usr/local/texlive/2020/texmf-dist/tex/generic/atbegshi/atbegshi.sty
Package: atbegshi 2019/12/05 v1.19 At begin shipout hook (HO)
)
\Hy@abspage=\count274
\c@Item=\count275
\c@Hfootnote=\count276
)
Package hyperref Info: Driver (autodetected): hpdftex.
 (/usr/local/texlive/2020/texmf-dist/tex/latex/hyperref/hpdftex.def
File: hpdftex.def 2020/01/14 v7.00d Hyperref driver for pdfTeX
 (/usr/local/texlive/2020/texmf-dist/tex/latex/atveryend/atveryend.sty
Package: atveryend 2019-12-11 v1.11 Hooks at the very end of document (HO)
Package atveryend Info: \AP@enddocument detected (standard20110627).
)
\Fld@listcount=\count277
\c@bookmark@seq@number=\count278
 (/usr/local/texlive/2020/texmf-dist/tex/latex/rerunfilecheck/rerunfilecheck.sty
Package: rerunfilecheck 2019/12/05 v1.9 Rerun checks for auxiliary files (HO)
 (/usr/local/texlive/2020/texmf-dist/tex/generic/uniquecounter/uniquecounter.sty
Package: uniquecounter 2019/12/15 v1.4 Provide unlimited unique counter (HO)
)
Package uniquecounter Info: New unique counter `rerunfilecheck' on input line 286.
)
\Hy@SectionHShift=\skip64
) (/usr/local/texlive/2020/texmf-dist/tex/latex/bbm-macros/bbm.sty
Package: bbm 1999/03/15 V 1.2 provides fonts for set symbols - TH
LaTeX Font Info:    Overwriting math alphabet `\mathbbm' in version `bold'
(Font)                  U/bbm/m/n --> U/bbm/bx/n on input line 33.
LaTeX Font Info:    Overwriting math alphabet `\mathbbmss' in version `bold'
(Font)                  U/bbmss/m/n --> U/bbmss/bx/n on input line 35.
) (/usr/local/texlive/2020/texmf-dist/tex/latex/ntheorem/ntheorem.sty
Style `ntheorem', Version 1.33 <2011/08/15>
Package: ntheorem 2011/08/15 1.33
\theorem@style=\toks30
\theorem@@style=\toks31
\theorembodyfont=\toks32
\theoremnumbering=\toks33
\theorempreskipamount=\skip65
\theorempostskipamount=\skip66
\theoremframepreskipamount=\skip67
\theoremframepostskipamount=\skip68
\theoreminframepreskipamount=\skip69
\theoreminframepostskipamount=\skip70
\theorem@preskip=\toks34
\theorem@postskip=\toks35
\theorem@framepreskip=\toks36
\theorem@framepostskip=\toks37
\theorem@inframepreskip=\toks38
\theorem@inframepostskip=\toks39
\theoremindent=\dimen169
\theorem@indent=\dimen170
\theoremrightindent=\dimen171
\theorem@rightindent=\dimen172
\theoremheaderfont=\toks40
\theoremseparator=\toks41
\theoremprework=\toks42
\theorempostwork=\toks43
\theoremsymbol=\toks44
\qedsymbol=\toks45
\theoremkeyword=\toks46
\qedsymbol=\toks47
\thm@topsep=\skip71
\thm@topsepadd=\skip72
Package ntheorem Info: Standard config file ntheorem.std used on input line 1184.
(/usr/local/texlive/2020/texmf-dist/tex/latex/ntheorem/ntheorem.std (/usr/local/texlive/2020/texmf-dist/tex/latex/base/latexsym.sty
Package: latexsym 1998/08/17 v2.2e Standard LaTeX package (lasy symbols)
\symlasy=\mathgroup6
LaTeX Font Info:    Overwriting symbol font `lasy' in version `bold'
(Font)                  U/lasy/m/n --> U/lasy/b/n on input line 52.
)
\c@Theorem=\count279
\c@theorem=\count280
\c@Satz=\count281
\c@satz=\count282
\c@Proposition=\count283
\c@proposition=\count284
\c@Lemma=\count285
\c@lemma=\count286
\c@Korollar=\count287
\c@korollar=\count288
\c@Corollary=\count289
\c@corollary=\count290
\c@Example=\count291
\c@example=\count292
\c@Beispiel=\count293
\c@beispiel=\count294
\c@Bemerkung=\count295
\c@bemerkung=\count296
\c@Anmerkung=\count297
\c@anmerkung=\count298
\c@Remark=\count299
\c@remark=\count300
\c@Definition=\count301
\c@definition=\count302
\c@Proof=\count303
\c@proof=\count304
\c@Beweis=\count305
\c@beweis=\count306
)) (/usr/local/texlive/2020/texmf-dist/tex/latex/algorithm2e/algorithm2e.sty
Package: algorithm2e 2017/07/18 v5.2 algorithms environments
\c@AlgoLine=\count307
\algocf@hangindent=\skip73
 (/usr/local/texlive/2020/texmf-dist/tex/latex/ifoddpage/ifoddpage.sty
Package: ifoddpage 2016/04/23 v1.1 Conditionals for odd/even page detection
\c@checkoddpage=\count308
) (/usr/local/texlive/2020/texmf-dist/tex/latex/tools/xspace.sty
Package: xspace 2014/10/28 v1.13 Space after command names (DPC,MH)
) (/usr/local/texlive/2020/texmf-dist/tex/latex/relsize/relsize.sty
Package: relsize 2013/03/29 ver 4.1
)
\skiptotal=\skip74
\skiplinenumber=\skip75
\skiprule=\skip76
\skiphlne=\skip77
\skiptext=\skip78
\skiplength=\skip79
\algomargin=\skip80
\skipalgocfslide=\skip81
\algowidth=\dimen173
\inoutsize=\dimen174
\inoutindent=\dimen175
\interspacetitleruled=\dimen176
\interspacealgoruled=\dimen177
\interspacetitleboxruled=\dimen178
\algocf@ruledwidth=\skip82
\algocf@inoutbox=\box57
\algocf@inputbox=\box58
\AlCapSkip=\skip83
\AlCapHSkip=\skip84
\algoskipindent=\skip85
\algocf@nlbox=\box59
\algocf@hangingbox=\box60
\algocf@untilbox=\box61
\algocf@skipuntil=\skip86
\algocf@capbox=\box62
\algocf@lcaptionbox=\skip87
\algoheightruledefault=\skip88
\algoheightrule=\skip89
\algotitleheightruledefault=\skip90
\algotitleheightrule=\skip91
\c@algocfline=\count309
\c@algocfproc=\count310
\c@algocf=\count311
\algocf@algoframe=\box63
\algocf@algobox=\box64
)
\c@assumption=\count312
 (/usr/local/texlive/2020/texmf-dist/tex/latex/base/inputenc.sty
Package: inputenc 2018/08/11 v1.3c Input encoding file
\inpenc@prehook=\toks48
\inpenc@posthook=\toks49
) (/usr/local/texlive/2020/texmf-dist/tex/latex/float/float.sty
Package: float 2001/11/08 v1.3d Float enhancements (AL)
\c@float@type=\count313
\float@exts=\toks50
\float@box=\box65
\@float@everytoks=\toks51
\@floatcapt=\box66
) (/usr/local/texlive/2020/texmf-dist/tex/latex/caption/subcaption.sty
Package: subcaption 2020/01/22 v1.3d Sub-captions (AR)
 (/usr/local/texlive/2020/texmf-dist/tex/latex/caption/caption.sty
Package: caption 2020/01/03 v3.4h Customizing captions (AR)
 (/usr/local/texlive/2020/texmf-dist/tex/latex/caption/caption3.sty
Package: caption3 2020/01/03 v1.8h caption3 kernel (AR)
Package caption3 Info: TeX engine: e-TeX on input line 61.
\captionmargin=\dimen179
\captionmargin@=\dimen180
\captionwidth=\dimen181
\caption@tempdima=\dimen182
\caption@indent=\dimen183
\caption@parindent=\dimen184
\caption@hangindent=\dimen185
Package caption Info: Standard document class detected.
)
\c@caption@flags=\count314
\c@continuedfloat=\count315
Package caption Info: float package is loaded.
Package caption Info: hyperref package is loaded.
Package caption Info: longtable package is loaded.
 (/usr/local/texlive/2020/texmf-dist/tex/latex/caption/ltcaption.sty
Package: ltcaption 2018/08/26 v1.4a longtable captions (AR)
)
Package caption Info: rotating package is loaded.
)
\c@subfigure=\count316
\c@subtable=\count317
) (/usr/local/texlive/2020/texmf-dist/tex/latex/tools/multicol.sty
Package: multicol 2019/12/09 v1.8y multicolumn formatting (FMi)
\c@tracingmulticols=\count318
\mult@box=\box67
\multicol@leftmargin=\dimen186
\c@unbalance=\count319
\c@collectmore=\count320
\doublecol@number=\count321
\multicoltolerance=\count322
\multicolpretolerance=\count323
\full@width=\dimen187
\page@free=\dimen188
\premulticols=\dimen189
\postmulticols=\dimen190
\multicolsep=\skip92
\multicolbaselineskip=\skip93
\partial@page=\box68
\last@line=\box69
\maxbalancingoverflow=\dimen191
\mult@rightbox=\box70
\mult@grightbox=\box71
\mult@gfirstbox=\box72
\mult@firstbox=\box73
\@tempa=\box74
\@tempa=\box75
\@tempa=\box76
\@tempa=\box77
\@tempa=\box78
\@tempa=\box79
\@tempa=\box80
\@tempa=\box81
\@tempa=\box82
\@tempa=\box83
\@tempa=\box84
\@tempa=\box85
\@tempa=\box86
\@tempa=\box87
\@tempa=\box88
\@tempa=\box89
\@tempa=\box90
\@tempa=\box91
\@tempa=\box92
\@tempa=\box93
\@tempa=\box94
\@tempa=\box95
\@tempa=\box96
\@tempa=\box97
\@tempa=\box98
\@tempa=\box99
\@tempa=\box100
\@tempa=\box101
\@tempa=\box102
\@tempa=\box103
\@tempa=\box104
\@tempa=\box105
\@tempa=\box106
\@tempa=\box107
\@tempa=\box108
\@tempa=\box109
\@tempa=\box110
\c@minrows=\count324
\c@columnbadness=\count325
\c@finalcolumnbadness=\count326
\last@try=\dimen192
\multicolovershoot=\dimen193
\multicolundershoot=\dimen194
\mult@nat@firstbox=\box111
\colbreak@box=\box112
\mc@col@check@num=\count327
) (/usr/local/texlive/2020/texmf-dist/tex/latex/multirow/multirow.sty
Package: multirow 2019/05/31 v2.5 Span multiple rows of a table
\multirow@colwidth=\skip94
\multirow@cntb=\count328
\multirow@dima=\skip95
\bigstrutjot=\dimen195
) (/usr/local/texlive/2020/texmf-dist/tex/latex/pgf/frontendlayer/tikz.sty (/usr/local/texlive/2020/texmf-dist/tex/latex/pgf/basiclayer/pgf.sty (/usr/local/texlive/2020/texmf-dist/tex/latex/pgf/utilities/pgfrcs.sty (/usr/local/texlive/2020/texmf-dist/tex/generic/pgf/utilities/pgfutil-common.tex
\pgfutil@everybye=\toks52
\pgfutil@tempdima=\dimen196
\pgfutil@tempdimb=\dimen197
 (/usr/local/texlive/2020/texmf-dist/tex/generic/pgf/utilities/pgfutil-common-lists.tex)) (/usr/local/texlive/2020/texmf-dist/tex/generic/pgf/utilities/pgfutil-latex.def
\pgfutil@abb=\box113
 (/usr/local/texlive/2020/texmf-dist/tex/latex/ms/everyshi.sty
Package: everyshi 2001/05/15 v3.00 EveryShipout Package (MS)
)) (/usr/local/texlive/2020/texmf-dist/tex/generic/pgf/utilities/pgfrcs.code.tex (/usr/local/texlive/2020/texmf-dist/tex/generic/pgf/pgf.revision.tex)
Package: pgfrcs 2020/01/08 v3.1.5b (3.1.5b)
))
Package: pgf 2020/01/08 v3.1.5b (3.1.5b)
 (/usr/local/texlive/2020/texmf-dist/tex/latex/pgf/basiclayer/pgfcore.sty (/usr/local/texlive/2020/texmf-dist/tex/latex/pgf/systemlayer/pgfsys.sty (/usr/local/texlive/2020/texmf-dist/tex/generic/pgf/systemlayer/pgfsys.code.tex
Package: pgfsys 2020/01/08 v3.1.5b (3.1.5b)
 (/usr/local/texlive/2020/texmf-dist/tex/generic/pgf/utilities/pgfkeys.code.tex
\pgfkeys@pathtoks=\toks53
\pgfkeys@temptoks=\toks54
 (/usr/local/texlive/2020/texmf-dist/tex/generic/pgf/utilities/pgfkeysfiltered.code.tex
\pgfkeys@tmptoks=\toks55
))
\pgf@x=\dimen198
\pgf@y=\dimen199
\pgf@xa=\dimen256
\pgf@ya=\dimen257
\pgf@xb=\dimen258
\pgf@yb=\dimen259
\pgf@xc=\dimen260
\pgf@yc=\dimen261
\pgf@xd=\dimen262
\pgf@yd=\dimen263
\w@pgf@writea=\write3
\r@pgf@reada=\read3
\c@pgf@counta=\count329
\c@pgf@countb=\count330
\c@pgf@countc=\count331
\c@pgf@countd=\count332
\t@pgf@toka=\toks56
\t@pgf@tokb=\toks57
\t@pgf@tokc=\toks58
\pgf@sys@id@count=\count333
 (/usr/local/texlive/2020/texmf-dist/tex/generic/pgf/systemlayer/pgf.cfg
File: pgf.cfg 2020/01/08 v3.1.5b (3.1.5b)
)
Driver file for pgf: pgfsys-pdftex.def
 (/usr/local/texlive/2020/texmf-dist/tex/generic/pgf/systemlayer/pgfsys-pdftex.def
File: pgfsys-pdftex.def 2020/01/08 v3.1.5b (3.1.5b)
 (/usr/local/texlive/2020/texmf-dist/tex/generic/pgf/systemlayer/pgfsys-common-pdf.def
File: pgfsys-common-pdf.def 2020/01/08 v3.1.5b (3.1.5b)
))) (/usr/local/texlive/2020/texmf-dist/tex/generic/pgf/systemlayer/pgfsyssoftpath.code.tex
File: pgfsyssoftpath.code.tex 2020/01/08 v3.1.5b (3.1.5b)
\pgfsyssoftpath@smallbuffer@items=\count334
\pgfsyssoftpath@bigbuffer@items=\count335
) (/usr/local/texlive/2020/texmf-dist/tex/generic/pgf/systemlayer/pgfsysprotocol.code.tex
File: pgfsysprotocol.code.tex 2020/01/08 v3.1.5b (3.1.5b)
)) (/usr/local/texlive/2020/texmf-dist/tex/latex/xcolor/xcolor.sty
Package: xcolor 2016/05/11 v2.12 LaTeX color extensions (UK)
 (/usr/local/texlive/2020/texmf-dist/tex/latex/graphics-cfg/color.cfg
File: color.cfg 2016/01/02 v1.6 sample color configuration
)
Package xcolor Info: Driver file: pdftex.def on input line 225.
LaTeX Info: Redefining \color on input line 709.
Package xcolor Info: Model `cmy' substituted by `cmy0' on input line 1348.
Package xcolor Info: Model `hsb' substituted by `rgb' on input line 1352.
Package xcolor Info: Model `RGB' extended on input line 1364.
Package xcolor Info: Model `HTML' substituted by `rgb' on input line 1366.
Package xcolor Info: Model `Hsb' substituted by `hsb' on input line 1367.
Package xcolor Info: Model `tHsb' substituted by `hsb' on input line 1368.
Package xcolor Info: Model `HSB' substituted by `hsb' on input line 1369.
Package xcolor Info: Model `Gray' substituted by `gray' on input line 1370.
Package xcolor Info: Model `wave' substituted by `hsb' on input line 1371.
) (/usr/local/texlive/2020/texmf-dist/tex/generic/pgf/basiclayer/pgfcore.code.tex
Package: pgfcore 2020/01/08 v3.1.5b (3.1.5b)
 (/usr/local/texlive/2020/texmf-dist/tex/generic/pgf/math/pgfmath.code.tex (/usr/local/texlive/2020/texmf-dist/tex/generic/pgf/math/pgfmathcalc.code.tex (/usr/local/texlive/2020/texmf-dist/tex/generic/pgf/math/pgfmathutil.code.tex) (/usr/local/texlive/2020/texmf-dist/tex/generic/pgf/math/pgfmathparser.code.tex
\pgfmath@dimen=\dimen264
\pgfmath@count=\count336
\pgfmath@box=\box114
\pgfmath@toks=\toks59
\pgfmath@stack@operand=\toks60
\pgfmath@stack@operation=\toks61
) (/usr/local/texlive/2020/texmf-dist/tex/generic/pgf/math/pgfmathfunctions.code.tex (/usr/local/texlive/2020/texmf-dist/tex/generic/pgf/math/pgfmathfunctions.basic.code.tex) (/usr/local/texlive/2020/texmf-dist/tex/generic/pgf/math/pgfmathfunctions.trigonometric.code.tex) (/usr/local/texlive/2020/texmf-dist/tex/generic/pgf/math/pgfmathfunctions.random.code.tex) (/usr/local/texlive/2020/texmf-dist/tex/generic/pgf/math/pgfmathfunctions.comparison.code.tex) (/usr/local/texlive/2020/texmf-dist/tex/generic/pgf/math/pgfmathfunctions.base.code.tex) (/usr/local/texlive/2020/texmf-dist/tex/generic/pgf/math/pgfmathfunctions.round.code.tex) (/usr/local/texlive/2020/texmf-dist/tex/generic/pgf/math/pgfmathfunctions.misc.code.tex) (/usr/local/texlive/2020/texmf-dist/tex/generic/pgf/math/pgfmathfunctions.integerarithmetics.code.tex))) (/usr/local/texlive/2020/texmf-dist/tex/generic/pgf/math/pgfmathfloat.code.tex
\c@pgfmathroundto@lastzeros=\count337
)) (/usr/local/texlive/2020/texmf-dist/tex/generic/pgf/math/pgfint.code.tex) (/usr/local/texlive/2020/texmf-dist/tex/generic/pgf/basiclayer/pgfcorepoints.code.tex
File: pgfcorepoints.code.tex 2020/01/08 v3.1.5b (3.1.5b)
\pgf@picminx=\dimen265
\pgf@picmaxx=\dimen266
\pgf@picminy=\dimen267
\pgf@picmaxy=\dimen268
\pgf@pathminx=\dimen269
\pgf@pathmaxx=\dimen270
\pgf@pathminy=\dimen271
\pgf@pathmaxy=\dimen272
\pgf@xx=\dimen273
\pgf@xy=\dimen274
\pgf@yx=\dimen275
\pgf@yy=\dimen276
\pgf@zx=\dimen277
\pgf@zy=\dimen278
) (/usr/local/texlive/2020/texmf-dist/tex/generic/pgf/basiclayer/pgfcorepathconstruct.code.tex
File: pgfcorepathconstruct.code.tex 2020/01/08 v3.1.5b (3.1.5b)
\pgf@path@lastx=\dimen279
\pgf@path@lasty=\dimen280
) (/usr/local/texlive/2020/texmf-dist/tex/generic/pgf/basiclayer/pgfcorepathusage.code.tex
File: pgfcorepathusage.code.tex 2020/01/08 v3.1.5b (3.1.5b)
\pgf@shorten@end@additional=\dimen281
\pgf@shorten@start@additional=\dimen282
) (/usr/local/texlive/2020/texmf-dist/tex/generic/pgf/basiclayer/pgfcorescopes.code.tex
File: pgfcorescopes.code.tex 2020/01/08 v3.1.5b (3.1.5b)
\pgfpic=\box115
\pgf@hbox=\box116
\pgf@layerbox@main=\box117
\pgf@picture@serial@count=\count338
) (/usr/local/texlive/2020/texmf-dist/tex/generic/pgf/basiclayer/pgfcoregraphicstate.code.tex
File: pgfcoregraphicstate.code.tex 2020/01/08 v3.1.5b (3.1.5b)
\pgflinewidth=\dimen283
) (/usr/local/texlive/2020/texmf-dist/tex/generic/pgf/basiclayer/pgfcoretransformations.code.tex
File: pgfcoretransformations.code.tex 2020/01/08 v3.1.5b (3.1.5b)
\pgf@pt@x=\dimen284
\pgf@pt@y=\dimen285
\pgf@pt@temp=\dimen286
) (/usr/local/texlive/2020/texmf-dist/tex/generic/pgf/basiclayer/pgfcorequick.code.tex
File: pgfcorequick.code.tex 2020/01/08 v3.1.5b (3.1.5b)
) (/usr/local/texlive/2020/texmf-dist/tex/generic/pgf/basiclayer/pgfcoreobjects.code.tex
File: pgfcoreobjects.code.tex 2020/01/08 v3.1.5b (3.1.5b)
) (/usr/local/texlive/2020/texmf-dist/tex/generic/pgf/basiclayer/pgfcorepathprocessing.code.tex
File: pgfcorepathprocessing.code.tex 2020/01/08 v3.1.5b (3.1.5b)
) (/usr/local/texlive/2020/texmf-dist/tex/generic/pgf/basiclayer/pgfcorearrows.code.tex
File: pgfcorearrows.code.tex 2020/01/08 v3.1.5b (3.1.5b)
\pgfarrowsep=\dimen287
) (/usr/local/texlive/2020/texmf-dist/tex/generic/pgf/basiclayer/pgfcoreshade.code.tex
File: pgfcoreshade.code.tex 2020/01/08 v3.1.5b (3.1.5b)
\pgf@max=\dimen288
\pgf@sys@shading@range@num=\count339
\pgf@shadingcount=\count340
) (/usr/local/texlive/2020/texmf-dist/tex/generic/pgf/basiclayer/pgfcoreimage.code.tex
File: pgfcoreimage.code.tex 2020/01/08 v3.1.5b (3.1.5b)
 (/usr/local/texlive/2020/texmf-dist/tex/generic/pgf/basiclayer/pgfcoreexternal.code.tex
File: pgfcoreexternal.code.tex 2020/01/08 v3.1.5b (3.1.5b)
\pgfexternal@startupbox=\box118
)) (/usr/local/texlive/2020/texmf-dist/tex/generic/pgf/basiclayer/pgfcorelayers.code.tex
File: pgfcorelayers.code.tex 2020/01/08 v3.1.5b (3.1.5b)
) (/usr/local/texlive/2020/texmf-dist/tex/generic/pgf/basiclayer/pgfcoretransparency.code.tex
File: pgfcoretransparency.code.tex 2020/01/08 v3.1.5b (3.1.5b)
) (/usr/local/texlive/2020/texmf-dist/tex/generic/pgf/basiclayer/pgfcorepatterns.code.tex
File: pgfcorepatterns.code.tex 2020/01/08 v3.1.5b (3.1.5b)
) (/usr/local/texlive/2020/texmf-dist/tex/generic/pgf/basiclayer/pgfcorerdf.code.tex
File: pgfcorerdf.code.tex 2020/01/08 v3.1.5b (3.1.5b)
))) (/usr/local/texlive/2020/texmf-dist/tex/generic/pgf/modules/pgfmoduleshapes.code.tex
File: pgfmoduleshapes.code.tex 2020/01/08 v3.1.5b (3.1.5b)
\pgfnodeparttextbox=\box119
) (/usr/local/texlive/2020/texmf-dist/tex/generic/pgf/modules/pgfmoduleplot.code.tex
File: pgfmoduleplot.code.tex 2020/01/08 v3.1.5b (3.1.5b)
) (/usr/local/texlive/2020/texmf-dist/tex/latex/pgf/compatibility/pgfcomp-version-0-65.sty
Package: pgfcomp-version-0-65 2020/01/08 v3.1.5b (3.1.5b)
\pgf@nodesepstart=\dimen289
\pgf@nodesepend=\dimen290
) (/usr/local/texlive/2020/texmf-dist/tex/latex/pgf/compatibility/pgfcomp-version-1-18.sty
Package: pgfcomp-version-1-18 2020/01/08 v3.1.5b (3.1.5b)
)) (/usr/local/texlive/2020/texmf-dist/tex/latex/pgf/utilities/pgffor.sty (/usr/local/texlive/2020/texmf-dist/tex/latex/pgf/utilities/pgfkeys.sty (/usr/local/texlive/2020/texmf-dist/tex/generic/pgf/utilities/pgfkeys.code.tex)) (/usr/local/texlive/2020/texmf-dist/tex/latex/pgf/math/pgfmath.sty (/usr/local/texlive/2020/texmf-dist/tex/generic/pgf/math/pgfmath.code.tex)) (/usr/local/texlive/2020/texmf-dist/tex/generic/pgf/utilities/pgffor.code.tex
Package: pgffor 2020/01/08 v3.1.5b (3.1.5b)
 (/usr/local/texlive/2020/texmf-dist/tex/generic/pgf/math/pgfmath.code.tex)
\pgffor@iter=\dimen291
\pgffor@skip=\dimen292
\pgffor@stack=\toks62
\pgffor@toks=\toks63
)) (/usr/local/texlive/2020/texmf-dist/tex/generic/pgf/frontendlayer/tikz/tikz.code.tex
Package: tikz 2020/01/08 v3.1.5b (3.1.5b)
 (/usr/local/texlive/2020/texmf-dist/tex/generic/pgf/libraries/pgflibraryplothandlers.code.tex
File: pgflibraryplothandlers.code.tex 2020/01/08 v3.1.5b (3.1.5b)
\pgf@plot@mark@count=\count341
\pgfplotmarksize=\dimen293
)
\tikz@lastx=\dimen294
\tikz@lasty=\dimen295
\tikz@lastxsaved=\dimen296
\tikz@lastysaved=\dimen297
\tikz@lastmovetox=\dimen298
\tikz@lastmovetoy=\dimen299
\tikzleveldistance=\dimen300
\tikzsiblingdistance=\dimen301
\tikz@figbox=\box120
\tikz@figbox@bg=\box121
\tikz@tempbox=\box122
\tikz@tempbox@bg=\box123
\tikztreelevel=\count342
\tikznumberofchildren=\count343
\tikznumberofcurrentchild=\count344
\tikz@fig@count=\count345
 (/usr/local/texlive/2020/texmf-dist/tex/generic/pgf/modules/pgfmodulematrix.code.tex
File: pgfmodulematrix.code.tex 2020/01/08 v3.1.5b (3.1.5b)
\pgfmatrixcurrentrow=\count346
\pgfmatrixcurrentcolumn=\count347
\pgf@matrix@numberofcolumns=\count348
)
\tikz@expandcount=\count349
 (/usr/local/texlive/2020/texmf-dist/tex/generic/pgf/frontendlayer/tikz/libraries/tikzlibrarytopaths.code.tex
File: tikzlibrarytopaths.code.tex 2020/01/08 v3.1.5b (3.1.5b)
))) (/usr/local/texlive/2020/texmf-dist/tex/generic/pgf/frontendlayer/tikz/libraries/tikzlibrarypositioning.code.tex
File: tikzlibrarypositioning.code.tex 2020/01/08 v3.1.5b (3.1.5b)
) (/usr/local/texlive/2020/texmf-dist/tex/generic/pgf/frontendlayer/tikz/libraries/tikzlibraryshapes.code.tex
File: tikzlibraryshapes.code.tex 2020/01/08 v3.1.5b (3.1.5b)
 (/usr/local/texlive/2020/texmf-dist/tex/generic/pgf/frontendlayer/tikz/libraries/tikzlibraryshapes.geometric.code.tex
File: tikzlibraryshapes.geometric.code.tex 2020/01/08 v3.1.5b (3.1.5b)
 (/usr/local/texlive/2020/texmf-dist/tex/generic/pgf/libraries/shapes/pgflibraryshapes.geometric.code.tex
File: pgflibraryshapes.geometric.code.tex 2020/01/08 v3.1.5b (3.1.5b)
)) (/usr/local/texlive/2020/texmf-dist/tex/generic/pgf/frontendlayer/tikz/libraries/tikzlibraryshapes.misc.code.tex
File: tikzlibraryshapes.misc.code.tex 2020/01/08 v3.1.5b (3.1.5b)
 (/usr/local/texlive/2020/texmf-dist/tex/generic/pgf/libraries/shapes/pgflibraryshapes.misc.code.tex
File: pgflibraryshapes.misc.code.tex 2020/01/08 v3.1.5b (3.1.5b)
)) (/usr/local/texlive/2020/texmf-dist/tex/generic/pgf/frontendlayer/tikz/libraries/tikzlibraryshapes.symbols.code.tex
File: tikzlibraryshapes.symbols.code.tex 2020/01/08 v3.1.5b (3.1.5b)
 (/usr/local/texlive/2020/texmf-dist/tex/generic/pgf/libraries/shapes/pgflibraryshapes.symbols.code.tex
File: pgflibraryshapes.symbols.code.tex 2020/01/08 v3.1.5b (3.1.5b)
)) (/usr/local/texlive/2020/texmf-dist/tex/generic/pgf/frontendlayer/tikz/libraries/tikzlibraryshapes.arrows.code.tex
File: tikzlibraryshapes.arrows.code.tex 2020/01/08 v3.1.5b (3.1.5b)
 (/usr/local/texlive/2020/texmf-dist/tex/generic/pgf/libraries/shapes/pgflibraryshapes.arrows.code.tex
File: pgflibraryshapes.arrows.code.tex 2020/01/08 v3.1.5b (3.1.5b)
)) (/usr/local/texlive/2020/texmf-dist/tex/generic/pgf/frontendlayer/tikz/libraries/tikzlibraryshapes.callouts.code.tex (/usr/local/texlive/2020/texmf-dist/tex/generic/pgf/libraries/shapes/pgflibraryshapes.callouts.code.tex)) (/usr/local/texlive/2020/texmf-dist/tex/generic/pgf/frontendlayer/tikz/libraries/tikzlibraryshapes.multipart.code.tex
File: tikzlibraryshapes.multipart.code.tex 2020/01/08 v3.1.5b (3.1.5b)
 (/usr/local/texlive/2020/texmf-dist/tex/generic/pgf/libraries/shapes/pgflibraryshapes.multipart.code.tex
File: pgflibraryshapes.multipart.code.tex 2020/01/08 v3.1.5b (3.1.5b)
\pgfnodepartlowerbox=\box124
\pgfnodeparttwobox=\box125
\pgfnodepartthreebox=\box126
\pgfnodepartfourbox=\box127
\pgfnodeparttwentybox=\box128
\pgfnodepartnineteenbox=\box129
\pgfnodeparteighteenbox=\box130
\pgfnodepartseventeenbox=\box131
\pgfnodepartsixteenbox=\box132
\pgfnodepartfifteenbox=\box133
\pgfnodepartfourteenbox=\box134
\pgfnodepartthirteenbox=\box135
\pgfnodeparttwelvebox=\box136
\pgfnodepartelevenbox=\box137
\pgfnodeparttenbox=\box138
\pgfnodepartninebox=\box139
\pgfnodeparteightbox=\box140
\pgfnodepartsevenbox=\box141
\pgfnodepartsixbox=\box142
\pgfnodepartfivebox=\box143
))) (/usr/local/texlive/2020/texmf-dist/tex/latex/l3backend/l3backend-pdfmode.def
File: l3backend-pdfmode.def 2020-03-12 L3 backend support: PDF mode
\l__kernel_color_stack_int=\count350
\l__pdf_internal_box=\box144
) (/Users/jieyugao/Library/CloudStorage/Dropbox/jieyu-website/src/assets/GaoJeliazkov2023.aux)
\openout1 = `GaoJeliazkov2023.aux'.

LaTeX Font Info:    Checking defaults for OML/cmm/m/it on input line 48.
LaTeX Font Info:    ... okay on input line 48.
LaTeX Font Info:    Checking defaults for OMS/cmsy/m/n on input line 48.
LaTeX Font Info:    ... okay on input line 48.
LaTeX Font Info:    Checking defaults for OT1/cmr/m/n on input line 48.
LaTeX Font Info:    ... okay on input line 48.
LaTeX Font Info:    Checking defaults for T1/cmr/m/n on input line 48.
LaTeX Font Info:    ... okay on input line 48.
LaTeX Font Info:    Checking defaults for TS1/cmr/m/n on input line 48.
LaTeX Font Info:    ... okay on input line 48.
LaTeX Font Info:    Checking defaults for OMX/cmex/m/n on input line 48.
LaTeX Font Info:    ... okay on input line 48.
LaTeX Font Info:    Checking defaults for U/cmr/m/n on input line 48.
LaTeX Font Info:    ... okay on input line 48.
LaTeX Font Info:    Checking defaults for PD1/pdf/m/n on input line 48.
LaTeX Font Info:    ... okay on input line 48.
 (/usr/local/texlive/2020/texmf-dist/tex/context/base/mkii/supp-pdf.mkii
[Loading MPS to PDF converter (version 2006.09.02).]
\scratchcounter=\count351
\scratchdimen=\dimen302
\scratchbox=\box145
\nofMPsegments=\count352
\nofMParguments=\count353
\everyMPshowfont=\toks64
\MPscratchCnt=\count354
\MPscratchDim=\dimen303
\MPnumerator=\count355
\makeMPintoPDFobject=\count356
\everyMPtoPDFconversion=\toks65
) (/usr/local/texlive/2020/texmf-dist/tex/latex/epstopdf-pkg/epstopdf-base.sty
Package: epstopdf-base 2020-01-24 v2.11 Base part for package epstopdf
Package epstopdf-base Info: Redefining graphics rule for `.eps' on input line 485.
 (/usr/local/texlive/2020/texmf-dist/tex/latex/latexconfig/epstopdf-sys.cfg
File: epstopdf-sys.cfg 2010/07/13 v1.3 Configuration of (r)epstopdf for TeX Live
))
\AtBeginShipoutBox=\box146
Package hyperref Info: Link coloring OFF on input line 48.
 (/usr/local/texlive/2020/texmf-dist/tex/latex/hyperref/nameref.sty
Package: nameref 2019/09/16 v2.46 Cross-referencing by name of section
 (/usr/local/texlive/2020/texmf-dist/tex/latex/refcount/refcount.sty
Package: refcount 2019/12/15 v3.6 Data extraction from label references (HO)
) (/usr/local/texlive/2020/texmf-dist/tex/generic/gettitlestring/gettitlestring.sty
Package: gettitlestring 2019/12/15 v1.6 Cleanup title references (HO)
)
\c@section@level=\count357
)
LaTeX Info: Redefining \ref on input line 48.
LaTeX Info: Redefining \pageref on input line 48.
LaTeX Info: Redefining \nameref on input line 48.
\@outlinefile=\write4
\openout4 = `GaoJeliazkov2023.out'.

Package caption Info: Begin \AtBeginDocument code.
Package caption Info: End \AtBeginDocument code.
 ABD: EveryShipout initializing macros
LaTeX Font Info:    Trying to load font information for U+msa on input line 55.
 (/usr/local/texlive/2020/texmf-dist/tex/latex/amsfonts/umsa.fd
File: umsa.fd 2013/01/14 v3.01 AMS symbols A
)
LaTeX Font Info:    Trying to load font information for U+msb on input line 55.
 (/usr/local/texlive/2020/texmf-dist/tex/latex/amsfonts/umsb.fd
File: umsb.fd 2013/01/14 v3.01 AMS symbols B
)
LaTeX Font Info:    Trying to load font information for U+lasy on input line 55.
 (/usr/local/texlive/2020/texmf-dist/tex/latex/base/ulasy.fd
File: ulasy.fd 1998/08/17 v2.2e LaTeX symbol font definitions
)
\single=\skip96
\double=\skip97
 [1

{/usr/local/texlive/2020/texmf-var/fonts/map/pdftex/updmap/pdftex.map}]

Package natbib Warning: Citation `Koop-Tobias-2004' on page 2 undefined on input line 72.


Package natbib Warning: Citation `Mintz-Currim-Jeliazkov-2013' on page 2 undefined on input line 72.


Package natbib Warning: Citation `Li-Tobias-2014' on page 2 undefined on input line 72.


Package natbib Warning: Citation `Vossmeyer-2014-aie' on page 2 undefined on input line 72.


Package natbib Warning: Citation `Munkin-2011' on page 2 undefined on input line 72.


Package natbib Warning: Citation `Kline-Tobias-2008' on page 2 undefined on input line 72.


Package natbib Warning: Citation `Chib-etal-2009' on page 2 undefined on input line 72.


Package natbib Warning: Citation `Chan-Tobias-2015' on page 2 undefined on input line 72.


Package natbib Warning: Citation `Chib-etal-2009' on page 2 undefined on input line 72.


Package natbib Warning: Citation `Vossmeyer-2014-AER' on page 2 undefined on input line 72.


Package natbib Warning: Citation `Vossmeyer-JBES-2016' on page 2 undefined on input line 72.


Package natbib Warning: Citation `vanHasselt-2014' on page 2 undefined on input line 72.


Package natbib Warning: Citation `Roy-1951' on page 2 undefined on input line 74.


Package natbib Warning: Citation `Rubin-1974' on page 2 undefined on input line 74.


Package natbib Warning: Citation `Rubin-1977' on page 2 undefined on input line 74.


Package natbib Warning: Citation `Rubin-1978' on page 2 undefined on input line 74.


Package natbib Warning: Citation `Rubin-2004' on page 2 undefined on input line 74.


Package natbib Warning: Citation `Rubin-2005' on page 2 undefined on input line 74.


Package natbib Warning: Citation `Munkin-Trivedi-1999' on page 2 undefined on input line 74.


Package natbib Warning: Citation `Chib-Hamilton-2000' on page 2 undefined on input line 74.


Package natbib Warning: Citation `Munkin-2003' on page 2 undefined on input line 74.


Package natbib Warning: Citation `Munkin-Trivedi-2003' on page 2 undefined on input line 74.


Package natbib Warning: Citation `Deb-etal-2006' on page 2 undefined on input line 74.


Package natbib Warning: Citation `Li-Tobias-2008' on page 2 undefined on input line 74.


Package natbib Warning: Citation `Li-Tobias-2011' on page 2 undefined on input line 74.


Package natbib Warning: Citation `Chib-Hamilton-2002' on page 2 undefined on input line 74.


Package natbib Warning: Citation `Jacobi-etal-2016' on page 2 undefined on input line 74.


Package natbib Warning: Citation `Li-Tobias-2004' on page 2 undefined on input line 74.


Package natbib Warning: Citation `Chib-2007' on page 2 undefined on input line 74.


Package natbib Warning: Citation `Heckman-2014' on page 2 undefined on input line 74.


Package natbib Warning: Citation `Rosenbaum-Rubin-1983' on page 2 undefined on input line 76.


Package natbib Warning: Citation `Dehejia-Wahba-1999' on page 2 undefined on input line 76.


Package natbib Warning: Citation `Imai-vanDyk-2004' on page 2 undefined on input line 76.


Package natbib Warning: Citation `Brand-Halaby-2006' on page 2 undefined on input line 76.


Package natbib Warning: Citation `Zhao-2008' on page 2 undefined on input line 76.


Package natbib Warning: Citation `Caliendo-Kopeinig-2008' on page 2 undefined on input line 76.


Package natbib Warning: Citation `An-2010' on page 2 undefined on input line 76.


Package natbib Warning: Citation `Zhao-vanDyk-Imai-2020' on page 2 undefined on input line 76.


Package natbib Warning: Citation `Chaudhuri-Howley-2022' on page 2 undefined on input line 76.


Package natbib Warning: Citation `Duan-etal-2023' on page 2 undefined on input line 76.


Package natbib Warning: Citation `Rosenbaum-Rubin-2022' on page 2 undefined on input line 76.


Package natbib Warning: Citation `Thistlethwaite-Campbell-1960' on page 2 undefined on input line 78.


Package natbib Warning: Citation `Hahn-etal-2001' on page 2 undefined on input line 78.


Package natbib Warning: Citation `Calonico-etal-2014-Stata' on page 2 undefined on input line 78.


Package natbib Warning: Citation `Calonico-etal-2014-Ecm' on page 2 undefined on input line 78.


Package natbib Warning: Citation `Cattaneo-Frandsen-Titiunik-2015' on page 2 undefined on input line 78.


Package natbib Warning: Citation `Dong-2015' on page 2 undefined on input line 78.


Package natbib Warning: Citation `Dong-Lewbel-2015' on page 2 undefined on input line 78.


Package natbib Warning: Citation `Fletcher-Tokmouline-2018' on page 2 undefined on input line 78.


Package natbib Warning: Citation `Dong-2019' on page 2 undefined on input line 78.


Package natbib Warning: Citation `Wright-2020' on page 2 undefined on input line 78.


Package natbib Warning: Citation `Dong-Lee-Gou-2023' on page 2 undefined on input line 78.


Package natbib Warning: Citation `Chib-Jacobi-2016' on page 2 undefined on input line 78.


Package natbib Warning: Citation `Branson-etal-2019' on page 2 undefined on input line 78.


Package natbib Warning: Citation `Geneletti-etal-2019' on page 2 undefined on input line 78.


Package natbib Warning: Citation `Chib-Greenberg-Simoni-2023' on page 2 undefined on input line 78.

[2]

Package natbib Warning: Citation `Ferman-Pinto-2019' on page 3 undefined on input line 80.


LaTeX Warning: Reference `sec:RDD' on page 3 undefined on input line 82.


LaTeX Warning: Reference `sec:pot' on page 3 undefined on input line 82.


LaTeX Warning: Reference `sec:psm' on page 3 undefined on input line 82.


Package natbib Warning: Citation `Branson-etal-2019' on page 3 undefined on input line 88.


Package natbib Warning: Citation `Chib-Greenberg-Simoni-2023' on page 3 undefined on input line 88.

[3]
LaTeX Font Info:    Trying to load font information for U+bbm on input line 94.
 (/usr/local/texlive/2020/texmf-dist/tex/latex/bbm-macros/ubbm.fd
File: ubbm.fd 1999/03/15 V 1.2 Font definition for bbm font - TH
)

LaTeX Warning: Reference `eq:sharpRDmod' on page 4 undefined on input line 101.


LaTeX Warning: Reference `sec:acad_prob' on page 4 undefined on input line 101.


Package natbib Warning: Citation `Gelman-Imbens-2019' on page 4 undefined on input line 119.


Package natbib Warning: Citation `Ruppert-etal-2003' on page 4 undefined on input line 119.


Package natbib Warning: Citation `AhamadaFlachaire2010book' on page 4 undefined on input line 119.


Package natbib Warning: Citation `Poirier73' on page 4 undefined on input line 119.


Package natbib Warning: Citation `Shiller84' on page 4 undefined on input line 119.


Package natbib Warning: Citation `Williams-1998' on page 4 undefined on input line 119.


Package natbib Warning: Citation `FahrmeirLang01' on page 4 undefined on input line 119.


Package natbib Warning: Citation `KoopPoirier04' on page 4 undefined on input line 119.


Package natbib Warning: Citation `Koop-Poirier-Tobias-2005' on page 4 undefined on input line 119.


Package natbib Warning: Citation `Rue-Held-2005' on page 4 undefined on input line 119.


Package natbib Warning: Citation `Chib-Jeliazkov-2006' on page 4 undefined on input line 119.


Package natbib Warning: Citation `Chan-Jeliazkov-2009-IJMMNO' on page 4 undefined on input line 119.


Package natbib Warning: Citation `Jeliazkov-2013' on page 4 undefined on input line 119.


Package natbib Warning: Citation `Branson-etal-2019' on page 4 undefined on input line 119.


LaTeX Warning: Reference `eq:sharpRDmod' on page 4 undefined on input line 119.


Package natbib Warning: Citation `Koop-Poirier-Tobias-2005' on page 4 undefined on input line 119.


Package natbib Warning: Citation `Jeliazkov-2013' on page 4 undefined on input line 119.


Package natbib Warning: Citation `Panagiotelis-Smith-2008' on page 4 undefined on input line 119.


Package natbib Warning: Citation `Andrews-Mallows-1974' on page 4 undefined on input line 119.


Package natbib Warning: Citation `Ferguson-1973' on page 4 undefined on input line 119.


Package natbib Warning: Citation `Antoniak-1974' on page 4 undefined on input line 119.


Package natbib Warning: Citation `Chib-Greenberg-2010' on page 4 undefined on input line 119.

[4]

Package natbib Warning: Citation `Chib-Jeliazkov-2006' on page 5 undefined on input line 158.


LaTeX Warning: Reference `eq:sharpRDmod' on page 5 undefined on input line 158.

[5]

LaTeX Warning: Reference `alg:srd' on page 6 undefined on input line 174.


Package natbib Warning: Citation `Chan-etal-2006' on page 6 undefined on input line 174.


Package natbib Warning: Citation `Gu-etal-2009' on page 6 undefined on input line 174.


Package natbib Warning: Citation `Gamerman-1997' on page 6 undefined on input line 174.


Package natbib Warning: Citation `Nott-Leonte-2004' on page 6 undefined on input line 174.


LaTeX Warning: Reference `eq:RDATE_b_diff' on page 6 undefined on input line 174.


LaTeX Warning: Reference `eq:RDATE_b_same' on page 6 undefined on input line 174.

Package hyperref Info: bookmark level for unknown algorithm defaults to 0 on input line 179.

Underfull \hbox (badness 1502) in paragraph at lines 185--187
[]\OT1/cmr/m/n/10.95 Sample $[\OML/cmm/m/it/10.95 ^^L[]\OMS/cmsy/m/n/10.95 j\OML/cmm/m/it/10.95 y[]; g[]; ^^M[]\OT1/cmr/m/n/10.95 ] \OMS/cmsy/m/n/10.95 ^^X \OML/cmm/m/it/10.95 N\OT1/cmr/m/n/10.95 ([]\OML/cmm/m/it/10.95 ; []\OT1/cmr/m/n/10.95 )$, where $[] = (\OML/cmm/m/it/10.95 B[] \OT1/cmr/m/n/10.95 + \OML/cmm/m/it/10.95 X[]\OT1/cmr/m/n/10.95 
[]\OML/cmm/m/it/10.95 X[]\OT1/cmr/m/n/10.95 )[]$, and $[] =
 []


LaTeX Warning: `!h' float specifier changed to `!ht'.


Package natbib Warning: Citation `Albert-Chib-1993' on page 6 undefined on input line 221.


Package natbib Warning: Citation `Gu-etal-2009' on page 6 undefined on input line 226.


LaTeX Warning: Reference `eq:priors' on page 6 undefined on input line 238.


LaTeX Warning: Reference `alg:srd_binary' on page 6 undefined on input line 238.

[6]
Underfull \hbox (badness 1132) in paragraph at lines 257--259
[]\OT1/cmr/m/n/10.95 Sample $[\OML/cmm/m/it/10.95 ^^L[]\OMS/cmsy/m/n/10.95 j\OML/cmm/m/it/10.95 y[]; g[]; ^^M[]\OT1/cmr/m/n/10.95 ] \OMS/cmsy/m/n/10.95 ^^X \OML/cmm/m/it/10.95 N []$\OT1/cmr/m/n/10.95 , where $[] = [][]$, and $[] =
 []

[7] [8]

Package natbib Warning: Citation `Chib-1995' on page 9 undefined on input line 305.


Package natbib Warning: Citation `Kass-Raftery-1995' on page 9 undefined on input line 316.


Package natbib Warning: Citation `Schwarz1978' on page 9 undefined on input line 316.


Package natbib Warning: Citation `Chib-1995' on page 9 undefined on input line 330.


Package natbib Warning: Citation `Chib-Jeliazkov-2001' on page 9 undefined on input line 330.


LaTeX Warning: Reference `eq:BMLI' on page 9 undefined on input line 330.

[9]

Package natbib Warning: Citation `Jeliazkov-Lee-2010' on page 10 undefined on input line 336.


Package natbib Warning: Citation `Calonico-etal-2017' on page 10 undefined on input line 370.

[10]

LaTeX Warning: Reference `tab:sr1_1' on page 11 undefined on input line 374.


LaTeX Warning: Reference `appendix:srd' on page 11 undefined on input line 374.


LaTeX Warning: Reference `tab:srdrobust' on page 11 undefined on input line 374.


LaTeX Warning: Reference `tab:sr1' on page 11 undefined on input line 376.


LaTeX Warning: `!h' float specifier changed to `!ht'.

[11]

LaTeX Warning: Reference `fig:srd_worst' on page 12 undefined on input line 448.


Package natbib Warning: Citation `MaCrary-2008' on page 12 undefined on input line 448.


LaTeX Warning: Reference `tab:srd_worst' on page 12 undefined on input line 448.


LaTeX Warning: Reference `fig:srd_worst_g' on page 12 undefined on input line 448.


LaTeX Warning: File `./Paper/0418/worstcast_srd_data.png' not found on input line 454.


/Users/jieyugao/Library/CloudStorage/Dropbox/jieyu-website/src/assets/GaoJeliazkov2023.tex:454: Package pdftex.def Error: File `./Paper/0418/worstcast_srd_data.png' not found: using draft setting.

See the pdftex.def package documentation for explanation.
Type  H <return>  for immediate help.
 ...                                              
                                                  
l.454 ...2in]{./Paper/0418/worstcast_srd_data.png}
                                                  
Try typing  <return>  to proceed.
If that doesn't work, type  X <return>  to quit.


LaTeX Warning: File `./Paper/0418/sharprd_worst_case3.png' not found on input line 459.


/Users/jieyugao/Library/CloudStorage/Dropbox/jieyu-website/src/assets/GaoJeliazkov2023.tex:459: Package pdftex.def Error: File `./Paper/0418/sharprd_worst_case3.png' not found: using draft setting.

See the pdftex.def package documentation for explanation.
Type  H <return>  for immediate help.
 ...                                              
                                                  
l.459 ...in]{./Paper/0418/sharprd_worst_case3.png}
                                                  
Try typing  <return>  to proceed.
If that doesn't work, type  X <return>  to quit.


LaTeX Warning: `!h' float specifier changed to `!ht'.


LaTeX Warning: File `./Paper/0418/worstcase_sharprd.png' not found on input line 483.


/Users/jieyugao/Library/CloudStorage/Dropbox/jieyu-website/src/assets/GaoJeliazkov2023.tex:483: Package pdftex.def Error: File `./Paper/0418/worstcase_sharprd.png' not found: using draft setting.

See the pdftex.def package documentation for explanation.
Type  H <return>  for immediate help.
 ...                                              
                                                  
l.483 ... 0.5]{./Paper/0418/worstcase_sharprd.png}
                                                  
Try typing  <return>  to proceed.
If that doesn't work, type  X <return>  to quit.


LaTeX Warning: `!h' float specifier changed to `!ht'.

[12]

LaTeX Warning: Reference `fig:sr2' on page 13 undefined on input line 495.


LaTeX Warning: Reference `tab:sr2' on page 13 undefined on input line 495.


LaTeX Warning: File `./Paper/0418/diff500_0922_dis.png' not found on input line 502.


/Users/jieyugao/Library/CloudStorage/Dropbox/jieyu-website/src/assets/GaoJeliazkov2023.tex:502: Package pdftex.def Error: File `./Paper/0418/diff500_0922_dis.png' not found: using draft setting.

See the pdftex.def package documentation for explanation.
Type  H <return>  for immediate help.
 ...                                              
                                                  
l.502 ...width]{./Paper/0418/diff500_0922_dis.png}
                                                  
Try typing  <return>  to proceed.
If that doesn't work, type  X <return>  to quit.


LaTeX Warning: File `./Paper/0418/diff5000_0922_dis.png' not found on input line 507.


/Users/jieyugao/Library/CloudStorage/Dropbox/jieyu-website/src/assets/GaoJeliazkov2023.tex:507: Package pdftex.def Error: File `./Paper/0418/diff5000_0922_dis.png' not found: using draft setting.

See the pdftex.def package documentation for explanation.
Type  H <return>  for immediate help.
 ...                                              
                                                  
l.507 ...idth]{./Paper/0418/diff5000_0922_dis.png}
                                                  
Try typing  <return>  to proceed.
If that doesn't work, type  X <return>  to quit.


LaTeX Warning: File `./Paper/0418/diff50000_0922_dis.png' not found on input line 512.


/Users/jieyugao/Library/CloudStorage/Dropbox/jieyu-website/src/assets/GaoJeliazkov2023.tex:512: Package pdftex.def Error: File `./Paper/0418/diff50000_0922_dis.png' not found: using draft setting.

See the pdftex.def package documentation for explanation.
Type  H <return>  for immediate help.
 ...                                              
                                                  
l.512 ...dth]{./Paper/0418/diff50000_0922_dis.png}
                                                  
Try typing  <return>  to proceed.
If that doesn't work, type  X <return>  to quit.


Package natbib Warning: Citation `Fletcher-Tokmouline-2018' on page 13 undefined on input line 544.


Package natbib Warning: Citation `Wright-2020' on page 13 undefined on input line 544.


LaTeX Warning: Reference `tab:desc2' on page 13 undefined on input line 544.


LaTeX Warning: Reference `tab:desc3' on page 13 undefined on input line 544.


LaTeX Warning: Reference `tab:descgrad' on page 13 undefined on input line 544.

[13]

Package natbib Warning: Citation `MaCrary-2008' on page 14 undefined on input line 546.

[14]

Package natbib Warning: Citation `Dong-2019' on page 15 undefined on input line 548.


LaTeX Warning: Reference `fig:srep' on page 15 undefined on input line 624.


LaTeX Warning: Reference `tab:srep' on page 15 undefined on input line 624.

[15]
Overfull \hbox (10.80402pt too wide) in paragraph at lines 631--658
 [][][] 
 []


LaTeX Warning: File `./Paper/0418/2gpa_0922.png' not found on input line 664.


/Users/jieyugao/Library/CloudStorage/Dropbox/jieyu-website/src/assets/GaoJeliazkov2023.tex:664: Package pdftex.def Error: File `./Paper/0418/2gpa_0922.png' not found: using draft setting.

See the pdftex.def package documentation for explanation.
Type  H <return>  for immediate help.
 ...                                              
                                                  
l.664 ...h=\linewidth]{./Paper/0418/2gpa_0922.png}
                                                  
Try typing  <return>  to proceed.
If that doesn't work, type  X <return>  to quit.


LaTeX Warning: File `./Paper/0418/3gpa_0922.png' not found on input line 668.


/Users/jieyugao/Library/CloudStorage/Dropbox/jieyu-website/src/assets/GaoJeliazkov2023.tex:668: Package pdftex.def Error: File `./Paper/0418/3gpa_0922.png' not found: using draft setting.

See the pdftex.def package documentation for explanation.
Type  H <return>  for immediate help.
 ...                                              
                                                  
l.668 ...h=\linewidth]{./Paper/0418/3gpa_0922.png}
                                                  
Try typing  <return>  to proceed.
If that doesn't work, type  X <return>  to quit.


LaTeX Warning: File `./Paper/0418/grad4_0922.png' not found on input line 672.


/Users/jieyugao/Library/CloudStorage/Dropbox/jieyu-website/src/assets/GaoJeliazkov2023.tex:672: Package pdftex.def Error: File `./Paper/0418/grad4_0922.png' not found: using draft setting.

See the pdftex.def package documentation for explanation.
Type  H <return>  for immediate help.
 ...                                              
                                                  
l.672 ...=\linewidth]{./Paper/0418/grad4_0922.png}
                                                  
Try typing  <return>  to proceed.
If that doesn't work, type  X <return>  to quit.


LaTeX Warning: File `./Paper/0418/grad_0922.png' not found on input line 676.


/Users/jieyugao/Library/CloudStorage/Dropbox/jieyu-website/src/assets/GaoJeliazkov2023.tex:676: Package pdftex.def Error: File `./Paper/0418/grad_0922.png' not found: using draft setting.

See the pdftex.def package documentation for explanation.
Type  H <return>  for immediate help.
 ...                                              
                                                  
l.676 ...h=\linewidth]{./Paper/0418/grad_0922.png}
                                                  
Try typing  <return>  to proceed.
If that doesn't work, type  X <return>  to quit.


Underfull \hbox (badness 10000) in paragraph at lines 663--680
[][] []
 []

[16]

Package natbib Warning: Citation `Chib-Greenberg-Simoni-2023' on page 17 undefined on input line 685.


LaTeX Warning: Reference `tab:fdata' on page 17 undefined on input line 685.

[17]

LaTeX Warning: Reference `sec:sharprd' on page 18 undefined on input line 734.

[18]

LaTeX Warning: Reference `alg:fuzzy' on page 19 undefined on input line 745.


LaTeX Warning: Reference `fig:frddata' on page 19 undefined on input line 745.


LaTeX Warning: Reference `fig:frdwell' on page 19 undefined on input line 745.


LaTeX Warning: Reference `fig:frdpoor' on page 19 undefined on input line 745.


Package natbib Warning: Citation `Celeux-1998' on page 19 undefined on input line 745.


LaTeX Warning: Reference `eqn:type' on page 19 undefined on input line 753.


Underfull \hbox (badness 1173) in paragraph at lines 759--761
[]\OT1/cmr/m/n/10.95 Sample $[\OML/cmm/m/it/10.95 ^^L[]\OMS/cmsy/m/n/10.95 j\OML/cmm/m/it/10.95 y[]; g[]; ^^M[]\OT1/cmr/m/n/10.95 ] \OMS/cmsy/m/n/10.95 ^^X \OML/cmm/m/it/10.95 N []$\OT1/cmr/m/n/10.95 , where $[] = [][]$, and $[] =
 []


LaTeX Warning: Float too large for page by 21.92003pt on input line 790.


LaTeX Warning: File `./Paper/0418/well_0922.png' not found on input line 796.


/Users/jieyugao/Library/CloudStorage/Dropbox/jieyu-website/src/assets/GaoJeliazkov2023.tex:796: Package pdftex.def Error: File `./Paper/0418/well_0922.png' not found: using draft setting.

See the pdftex.def package documentation for explanation.
Type  H <return>  for immediate help.
 ...                                              
                                                  
l.796 ...h=\linewidth]{./Paper/0418/well_0922.png}
                                                  
Try typing  <return>  to proceed.
If that doesn't work, type  X <return>  to quit.


LaTeX Warning: File `./Paper/0418/poor_0922.png' not found on input line 800.


/Users/jieyugao/Library/CloudStorage/Dropbox/jieyu-website/src/assets/GaoJeliazkov2023.tex:800: Package pdftex.def Error: File `./Paper/0418/poor_0922.png' not found: using draft setting.

See the pdftex.def package documentation for explanation.
Type  H <return>  for immediate help.
 ...                                              
                                                  
l.800 ...h=\linewidth]{./Paper/0418/poor_0922.png}
                                                  
Try typing  <return>  to proceed.
If that doesn't work, type  X <return>  to quit.


LaTeX Warning: File `./Paper/0418/het_well0922.png' not found on input line 809.


/Users/jieyugao/Library/CloudStorage/Dropbox/jieyu-website/src/assets/GaoJeliazkov2023.tex:809: Package pdftex.def Error: File `./Paper/0418/het_well0922.png' not found: using draft setting.

See the pdftex.def package documentation for explanation.
Type  H <return>  for immediate help.
 ...                                              
                                                  
l.809 ...le = 0.45]{./Paper/0418/het_well0922.png}
                                                  
Try typing  <return>  to proceed.
If that doesn't work, type  X <return>  to quit.


LaTeX Warning: File `./Paper/0418/ho_well0922.png' not found on input line 813.


/Users/jieyugao/Library/CloudStorage/Dropbox/jieyu-website/src/assets/GaoJeliazkov2023.tex:813: Package pdftex.def Error: File `./Paper/0418/ho_well0922.png' not found: using draft setting.

See the pdftex.def package documentation for explanation.
Type  H <return>  for immediate help.
 ...                                              
                                                  
l.813 ...\linewidth]{./Paper/0418/ho_well0922.png}
                                                  
Try typing  <return>  to proceed.
If that doesn't work, type  X <return>  to quit.


LaTeX Warning: File `./Paper/0418/het_poor0922.png' not found on input line 822.


/Users/jieyugao/Library/CloudStorage/Dropbox/jieyu-website/src/assets/GaoJeliazkov2023.tex:822: Package pdftex.def Error: File `./Paper/0418/het_poor0922.png' not found: using draft setting.

See the pdftex.def package documentation for explanation.
Type  H <return>  for immediate help.
 ...                                              
                                                  
l.822 ...linewidth]{./Paper/0418/het_poor0922.png}
                                                  
Try typing  <return>  to proceed.
If that doesn't work, type  X <return>  to quit.


LaTeX Warning: File `./Paper/0418/ho_poor0922.png' not found on input line 826.


/Users/jieyugao/Library/CloudStorage/Dropbox/jieyu-website/src/assets/GaoJeliazkov2023.tex:826: Package pdftex.def Error: File `./Paper/0418/ho_poor0922.png' not found: using draft setting.

See the pdftex.def package documentation for explanation.
Type  H <return>  for immediate help.
 ...                                              
                                                  
l.826 ...\linewidth]{./Paper/0418/ho_poor0922.png}
                                                  
Try typing  <return>  to proceed.
If that doesn't work, type  X <return>  to quit.


LaTeX Warning: `!h' float specifier changed to `!ht'.


LaTeX Warning: `!h' float specifier changed to `!ht'.


LaTeX Warning: `!h' float specifier changed to `!ht'.


Package natbib Warning: Citation `Roy-1951' on page 19 undefined on input line 835.


Package natbib Warning: Citation `Rubin-1974' on page 19 undefined on input line 835.


Package natbib Warning: Citation `Rubin-1977' on page 19 undefined on input line 835.


Package natbib Warning: Citation `Rubin-1978' on page 19 undefined on input line 835.


Package natbib Warning: Citation `Rubin-2004' on page 19 undefined on input line 835.


Package natbib Warning: Citation `Rubin-2005' on page 19 undefined on input line 835.


Package natbib Warning: Citation `Chib-2007' on page 19 undefined on input line 835.

[19] [20] [21] [22]

LaTeX Warning: Reference `alg:pot_ho' on page 23 undefined on input line 928.


Underfull \hbox (badness 1484) in paragraph at lines 945--950
\OT1/cmr/m/n/10.95 where $\OML/cmm/m/it/10.95 ^^V[] \OT1/cmr/m/n/10.95 = \OML/cmm/m/it/10.95 x[]^^L[] \OT1/cmr/m/n/10.95 + \OML/cmm/m/it/10.95 ![] []$\OT1/cmr/m/n/10.95 . Thus the pos-te-rior dis-tri-bu-tion for $\OML/cmm/m/it/10.95 ![]$
 []


Package natbib Warning: Citation `Chan-Jeliazkov-2009-JCGS' on page 23 undefined on input line 964.

[23]

LaTeX Warning: Reference `alg:pot_het' on page 24 undefined on input line 1018.


Underfull \hbox (badness 2951) in paragraph at lines 1037--1040
[]\OT1/cmr/m/n/10.95 Sample $\OML/cmm/m/it/10.95 a[] \OMS/cmsy/m/n/10.95 ^^X \OML/cmm/m/it/10.95 N []$ \OT1/cmr/m/n/10.95 where $[] = [][]$ and $[] =
 []


LaTeX Warning: Reference `alg:pot_step4' on page 24 undefined on input line 1072.


LaTeX Warning: Reference `sec:srd_marg' on page 24 undefined on input line 1081.


LaTeX Warning: Reference `sec:srd_marg' on page 24 undefined on input line 1081.


LaTeX Warning: Reference `sec:srd_marg' on page 24 undefined on input line 1081.

[24] [25]

LaTeX Warning: Reference `tab:pot_sim' on page 26 undefined on input line 1094.

[26]

LaTeX Warning: Reference `tab:pot_st' on page 27 undefined on input line 1133.


Package natbib Warning: Citation `Amaratunga-Cabrera-2001' on page 27 undefined on input line 1133.


LaTeX Warning: Reference `tab:pot_emp' on page 27 undefined on input line 1181.


LaTeX Warning: Reference `appendix:meps' on page 27 undefined on input line 1181.

[27]

Package natbib Warning: Citation `Rosenbaum-Rubin-1983' on page 28 undefined on input line 1211.


LaTeX Warning: Reference `fig:psm_illus' on page 28 undefined on input line 1211.


LaTeX Warning: Reference `fig:psm_tik1' on page 28 undefined on input line 1211.


LaTeX Warning: Reference `fig:psm_treat' on page 28 undefined on input line 1211.


LaTeX Warning: Reference `fig:psm_treat' on page 28 undefined on input line 1211.


LaTeX Warning: `!h' float specifier changed to `!ht'.

[28]

LaTeX Warning: Reference `alg:psm_ho' on page 29 undefined on input line 1263.


LaTeX Warning: Reference `alg:psm_het' on page 29 undefined on input line 1263.


Underfull \hbox (badness 2762) in paragraph at lines 1287--1289
[]\OT1/cmr/m/n/10.95 Sample $\OML/cmm/m/it/10.95 ^^L \OMS/cmsy/m/n/10.95 ^^X \OML/cmm/m/it/10.95 N []$\OT1/cmr/m/n/10.95 , where $[] = [] []$, and $[] =
 []


LaTeX Warning: Reference `sec:srd_marg' on page 29 undefined on input line 1321.

[29]

Package natbib Warning: Citation `Dehejia-Wahba-1999' on page 30 undefined on input line 1326.


Package natbib Warning: Citation `Caliendo-Kopeinig-2008' on page 30 undefined on input line 1326.


Package natbib Warning: Citation `Dehejia-Wahba-1999' on page 30 undefined on input line 1328.

[30]

Package natbib Warning: Citation `Rosenbaum-Rubin-1985-AS' on page 31 undefined on input line 1338.


Package natbib Warning: Citation `Thoemmes-2012' on page 31 undefined on input line 1338.


Package natbib Warning: Citation `Zhang-2019' on page 31 undefined on input line 1338.


Package natbib Warning: Citation `Austin-2011' on page 31 undefined on input line 1344.


Package natbib Warning: Citation `Chaudhuri-Howley-2022' on page 31 undefined on input line 1344.


LaTeX Warning: Reference `fig:smd_psm' on page 31 undefined on input line 1346.


LaTeX Warning: File `./Paper/smd_ate.png' not found on input line 1352.


/Users/jieyugao/Library/CloudStorage/Dropbox/jieyu-website/src/assets/GaoJeliazkov2023.tex:1352: Package pdftex.def Error: File `./Paper/smd_ate.png' not found: using draft setting.

See the pdftex.def package documentation for explanation.
Type  H <return>  for immediate help.
 ...                                              
                                                  
l.1352 ...phics[scale = 0.44]{./Paper/smd_ate.png}
                                                  
Try typing  <return>  to proceed.
If that doesn't work, type  X <return>  to quit.


LaTeX Warning: File `./Paper/smd_att.png' not found on input line 1356.


/Users/jieyugao/Library/CloudStorage/Dropbox/jieyu-website/src/assets/GaoJeliazkov2023.tex:1356: Package pdftex.def Error: File `./Paper/smd_att.png' not found: using draft setting.

See the pdftex.def package documentation for explanation.
Type  H <return>  for immediate help.
 ...                                              
                                                  
l.1356 ...phics[scale = 0.44]{./Paper/smd_att.png}
                                                  
Try typing  <return>  to proceed.
If that doesn't work, type  X <return>  to quit.


Package natbib Warning: Citation `Chaudhuri-Howley-2022' on page 31 undefined on input line 1364.


Package natbib Warning: Citation `UK-2021' on page 31 undefined on input line 1364.


LaTeX Warning: Reference `tab:psm_app_stat' on page 31 undefined on input line 1364.

[31]

LaTeX Warning: Reference `tab:psm_emp_res' on page 32 undefined on input line 1389.


LaTeX Warning: Reference `fig:smd_psm_covid' on page 32 undefined on input line 1389.


Underfull \hbox (badness 10000) in paragraph at lines 1400--1400
[]|\OT1/cmr/m/n/8 Heteroskedastic
 []


Underfull \hbox (badness 10000) in paragraph at lines 1401--1401
[]|\OT1/cmr/m/n/8 Heteroskedastic
 []


Underfull \hbox (badness 10000) in paragraph at lines 1403--1403
[]|\OT1/cmr/m/n/8 Homoskedastic
 []


Overfull \hbox (2.53842pt too wide) in paragraph at lines 1396--1407
 [][][] 
 []


LaTeX Warning: File `./Paper/smd_ate_covid.png' not found on input line 1414.


/Users/jieyugao/Library/CloudStorage/Dropbox/jieyu-website/src/assets/GaoJeliazkov2023.tex:1414: Package pdftex.def Error: File `./Paper/smd_ate_covid.png' not found: using draft setting.

See the pdftex.def package documentation for explanation.
Type  H <return>  for immediate help.
 ...                                              
                                                  
l.1414 ...[scale = 0.8]{./Paper/smd_ate_covid.png}
                                                  
Try typing  <return>  to proceed.
If that doesn't work, type  X <return>  to quit.


LaTeX Warning: File `./Paper/smd_att_covid.png' not found on input line 1418.


/Users/jieyugao/Library/CloudStorage/Dropbox/jieyu-website/src/assets/GaoJeliazkov2023.tex:1418: Package pdftex.def Error: File `./Paper/smd_att_covid.png' not found: using draft setting.

See the pdftex.def package documentation for explanation.
Type  H <return>  for immediate help.
 ...                                              
                                                  
l.1418 ...[scale = 0.8]{./Paper/smd_att_covid.png}
                                                  
Try typing  <return>  to proceed.
If that doesn't work, type  X <return>  to quit.

[32] [33] [34]

LaTeX Warning: File `./Paper/0418/same500_0922.png' not found on input line 1467.


/Users/jieyugao/Library/CloudStorage/Dropbox/jieyu-website/src/assets/GaoJeliazkov2023.tex:1467: Package pdftex.def Error: File `./Paper/0418/same500_0922.png' not found: using draft setting.

See the pdftex.def package documentation for explanation.
Type  H <return>  for immediate help.
 ...                                              
                                                  
l.1467 ...inewidth]{./Paper/0418/same500_0922.png}
                                                  
Try typing  <return>  to proceed.
If that doesn't work, type  X <return>  to quit.


/Users/jieyugao/Library/CloudStorage/Dropbox/jieyu-website/src/assets/GaoJeliazkov2023.tex:1472: LaTeX Error: File `./Paper/0418/same5000_0922' not found.

See the LaTeX manual or LaTeX Companion for explanation.
Type  H <return>  for immediate help.
 ...                                              
                                                  
l.1472 ...=\linewidth]{./Paper/0418/same5000_0922}
                                                  
I could not locate the file with any of these extensions:
.pdf,.png,.jpg,.mps,.jpeg,.jbig2,.jb2,.PDF,.PNG,.JPG,.JPEG,.JBIG2,.JB2,.eps
Try typing  <return>  to proceed.
If that doesn't work, type  X <return>  to quit.


LaTeX Warning: File `./Paper/0418/same50000_0922.png' not found on input line 1477.


/Users/jieyugao/Library/CloudStorage/Dropbox/jieyu-website/src/assets/GaoJeliazkov2023.tex:1477: Package pdftex.def Error: File `./Paper/0418/same50000_0922.png' not found: using draft setting.

See the pdftex.def package documentation for explanation.
Type  H <return>  for immediate help.
 ...                                              
                                                  
l.1477 ...ewidth]{./Paper/0418/same50000_0922.png}
                                                  
Try typing  <return>  to proceed.
If that doesn't work, type  X <return>  to quit.


LaTeX Warning: File `./Paper/0418/diff500_0922.png' not found on input line 1482.


/Users/jieyugao/Library/CloudStorage/Dropbox/jieyu-website/src/assets/GaoJeliazkov2023.tex:1482: Package pdftex.def Error: File `./Paper/0418/diff500_0922.png' not found: using draft setting.

See the pdftex.def package documentation for explanation.
Type  H <return>  for immediate help.
 ...                                              
                                                  
l.1482 ...inewidth]{./Paper/0418/diff500_0922.png}
                                                  
Try typing  <return>  to proceed.
If that doesn't work, type  X <return>  to quit.


LaTeX Warning: File `./Paper/0418/diff5000_0922.png' not found on input line 1487.


/Users/jieyugao/Library/CloudStorage/Dropbox/jieyu-website/src/assets/GaoJeliazkov2023.tex:1487: Package pdftex.def Error: File `./Paper/0418/diff5000_0922.png' not found: using draft setting.

See the pdftex.def package documentation for explanation.
Type  H <return>  for immediate help.
 ...                                              
                                                  
l.1487 ...newidth]{./Paper/0418/diff5000_0922.png}
                                                  
Try typing  <return>  to proceed.
If that doesn't work, type  X <return>  to quit.


LaTeX Warning: File `./Paper/0418/diff50000_0922.png' not found on input line 1492.


/Users/jieyugao/Library/CloudStorage/Dropbox/jieyu-website/src/assets/GaoJeliazkov2023.tex:1492: Package pdftex.def Error: File `./Paper/0418/diff50000_0922.png' not found: using draft setting.

See the pdftex.def package documentation for explanation.
Type  H <return>  for immediate help.
 ...                                              
                                                  
l.1492 ...ewidth]{./Paper/0418/diff50000_0922.png}
                                                  
Try typing  <return>  to proceed.
If that doesn't work, type  X <return>  to quit.

[35] [36] [37] [38]
No file GaoJeliazkov2023.bbl.

Package natbib Warning: There were undefined citations.

\tf@thm=\write5
\openout5 = `GaoJeliazkov2023.thm'.

Package atveryend Info: Empty hook `BeforeClearDocument' on input line 1558.
Package atveryend Info: Empty hook `AfterLastShipout' on input line 1558.
(/Users/jieyugao/Library/CloudStorage/Dropbox/jieyu-website/src/assets/GaoJeliazkov2023.aux)
Package atveryend Info: Executing hook `AtVeryEndDocument' on input line 1558.
Package atveryend Info: Executing hook `AtEndAfterFileList' on input line 1558.


Package rerunfilecheck Warning: File `GaoJeliazkov2023.out' has changed.
(rerunfilecheck)                Rerun to get outlines right
(rerunfilecheck)                or use package `bookmark'.

Package rerunfilecheck Info: Checksums for `GaoJeliazkov2023.out':
(rerunfilecheck)             Before: <no file>
(rerunfilecheck)             After:  807F7FF6AF0834612467C0C2104BE276;1273.

LaTeX Warning: There were undefined references.


LaTeX Warning: Label(s) may have changed. Rerun to get cross-references right.

Package atveryend Info: Empty hook `AtVeryVeryEnd' on input line 1558.
 ) 
Here is how much of TeX's memory you used:
 23738 strings out of 480608
 459134 string characters out of 5903631
 802304 words of memory out of 5000000
 38910 multiletter control sequences out of 15000+600000
 551186 words of font info for 107 fonts, out of 8000000 for 9000
 1141 hyphenation exceptions out of 8191
 60i,19n,67p,6510b,965s stack positions out of 5000i,500n,10000p,200000b,80000s
 </Users/jieyugao/Library/texlive/2020/texmf-var/fonts/pk/ljfour/public/bbm/bbm10.657pk>{/usr/local/texlive/2020/texmf-dist/fonts/enc/dvips/cm-super/cm-super-ts1.enc}</usr/local/texlive/2020/texmf-dist/fonts/type1/public/amsfonts/cm/cmbx10.pfb></usr/local/texlive/2020/texmf-dist/fonts/type1/public/amsfonts/cm/cmbx12.pfb></usr/local/texlive/2020/texmf-dist/fonts/type1/public/amsfonts/cm/cmbx8.pfb></usr/local/texlive/2020/texmf-dist/fonts/type1/public/amsfonts/cm/cmcsc10.pfb></usr/local/texlive/2020/texmf-dist/fonts/type1/public/amsfonts/cm/cmex10.pfb></usr/local/texlive/2020/texmf-dist/fonts/type1/public/amsfonts/cm/cmmi10.pfb></usr/local/texlive/2020/texmf-dist/fonts/type1/public/amsfonts/cm/cmmi12.pfb></usr/local/texlive/2020/texmf-dist/fonts/type1/public/amsfonts/cm/cmmi5.pfb></usr/local/texlive/2020/texmf-dist/fonts/type1/public/amsfonts/cm/cmmi6.pfb></usr/local/texlive/2020/texmf-dist/fonts/type1/public/amsfonts/cm/cmmi8.pfb></usr/local/texlive/2020/texmf-dist/fonts/type1/public/amsfonts/cm/cmmi9.pfb></usr/local/texlive/2020/texmf-dist/fonts/type1/public/amsfonts/cm/cmr10.pfb></usr/local/texlive/2020/texmf-dist/fonts/type1/public/amsfonts/cm/cmr12.pfb></usr/local/texlive/2020/texmf-dist/fonts/type1/public/amsfonts/cm/cmr5.pfb></usr/local/texlive/2020/texmf-dist/fonts/type1/public/amsfonts/cm/cmr6.pfb></usr/local/texlive/2020/texmf-dist/fonts/type1/public/amsfonts/cm/cmr7.pfb></usr/local/texlive/2020/texmf-dist/fonts/type1/public/amsfonts/cm/cmr8.pfb></usr/local/texlive/2020/texmf-dist/fonts/type1/public/amsfonts/cm/cmr9.pfb></usr/local/texlive/2020/texmf-dist/fonts/type1/public/amsfonts/cm/cmsy10.pfb></usr/local/texlive/2020/texmf-dist/fonts/type1/public/amsfonts/cm/cmsy6.pfb></usr/local/texlive/2020/texmf-dist/fonts/type1/public/amsfonts/cm/cmsy8.pfb></usr/local/texlive/2020/texmf-dist/fonts/type1/public/amsfonts/cm/cmsy9.pfb></usr/local/texlive/2020/texmf-dist/fonts/type1/public/amsfonts/cm/cmti10.pfb></usr/local/texlive/2020/texmf-dist/fonts/type1/public/amsfonts/cm/cmtt10.pfb></usr/local/texlive/2020/texmf-dist/fonts/type1/public/cm-super/sfrm0600.pfb></usr/local/texlive/2020/texmf-dist/fonts/type1/public/cm-super/sfrm0800.pfb>
Output written on /Users/jieyugao/Library/CloudStorage/Dropbox/jieyu-website/src/assets/GaoJeliazkov2023.pdf (38 pages, 428457 bytes).
PDF statistics:
 431 PDF objects out of 1000 (max. 8388607)
 360 compressed objects within 4 object streams
 152 named destinations out of 1000 (max. 500000)
 13 words of extra memory for PDF output out of 10000 (max. 10000000)

